<?xml version="1.0" encoding="UTF-8"?>
<!-- Generated by org.testng.reporters.JUnitReportReporter -->
<testsuite hostname="HIREN" name="springmvc.model.dao.UserDaoTest" tests="5" failures="0" timestamp="9 Mar 2016 07:51:15 GMT" time="0.080" errors="0">
  <testcase name="getStudent" time="0.008" classname="springmvc.model.dao.UserDaoTest"/>
  <testcase name="getUser" time="0.022" classname="springmvc.model.dao.UserDaoTest"/>
  <testcase name="getDepartments" time="0.008" classname="springmvc.model.dao.UserDaoTest"/>
  <testcase name="getUsers" time="0.019" classname="springmvc.model.dao.UserDaoTest"/>
  <testcase name="getApplication" time="0.023" classname="springmvc.model.dao.UserDaoTest"/>
</testsuite> <!-- springmvc.model.dao.UserDaoTest -->
