<?xml version="1.0" encoding="UTF-8"?>
<!-- Generated by org.testng.reporters.JUnitReportReporter -->
<testsuite hostname="HIREN" name="springmvc.model.dao.DepartmentDaotest" tests="1" failures="0" timestamp="1 Feb 2016 01:59:34 GMT" time="0.601" errors="0">
  <testcase name="getDepartments" time="0.601" classname="springmvc.model.dao.DepartmentDaotest"/>
</testsuite> <!-- springmvc.model.dao.DepartmentDaotest -->
