<?xml version="1.0" encoding="UTF-8"?>
<!-- Generated by org.testng.reporters.JUnitReportReporter -->
<testsuite hostname="HIREN" name="springmvc.model.dao.UserDaoTest" tests="5" failures="0" timestamp="11 Feb 2016 08:32:13 GMT" time="0.605" errors="0">
  <testcase name="getUser" time="0.026" classname="springmvc.model.dao.UserDaoTest"/>
  <testcase name="getStudent" time="0.172" classname="springmvc.model.dao.UserDaoTest"/>
  <testcase name="getDepartments" time="0.020" classname="springmvc.model.dao.UserDaoTest"/>
  <testcase name="getApplication" time="0.346" classname="springmvc.model.dao.UserDaoTest"/>
  <testcase name="getUsers" time="0.041" classname="springmvc.model.dao.UserDaoTest"/>
</testsuite> <!-- springmvc.model.dao.UserDaoTest -->
